<?xml version="1.0" encoding="UTF-8"?>
<!-- Generated by org.testng.reporters.JUnitXMLReporter -->
<testsuite hostname="Skoruz-Chari" ignored="0" name="Default test" tests="16" failures="0" timestamp="08 Feb 2017 13:26:52 GMT" time="134.501" errors="0">
  <testcase name="loginApp_username_type" time="6.616" classname="runner.FrameworkStart"/>
  <testcase name="loginApp_password_type" time="2.405" classname="runner.FrameworkStart"/>
  <testcase name="loginApp_loginbtn_click" time="10.99" classname="runner.FrameworkStart"/>
  <testcase name="loginApp_verifyLogin_status" time="3.103" classname="runner.FrameworkStart"/>
  <testcase name="IllustrationSale_link_click" time="11.807" classname="runner.FrameworkStart"/>
  <testcase name="AddIllustration_link_click" time="8.028" classname="runner.FrameworkStart"/>
  <testcase name="TypesOfProducts_dropdown_click" time="9.168" classname="runner.FrameworkStart"/>
  <testcase name="ProductName_dropdown_click" time="10.386" classname="runner.FrameworkStart"/>
  <testcase name="Packageoptions_dropdown_click" time="18.801" classname="runner.FrameworkStart"/>
  <testcase name="lanjutbutton_click" time="4.966" classname="runner.FrameworkStart"/>
  <testcase name="titelDropDown_click" time="10.192" classname="runner.FrameworkStart"/>
  <testcase name="namalengkap_textbox_type" time="3.483" classname="runner.FrameworkStart"/>
  <testcase name="TanggalLahir_textbox_type" time="3.511" classname="runner.FrameworkStart"/>
  <testcase name="Kategori_Dropdown" time="10.328" classname="runner.FrameworkStart"/>
  <testcase name="kelasPekerjaan_Dropdown" time="10.231" classname="runner.FrameworkStart"/>
  <testcase name="Hubungan_dropdown" time="10.4" classname="runner.FrameworkStart"/>
</testsuite> <!-- Default test -->
