<?xml version="1.0" encoding="UTF-8"?>
<!-- Generated by org.testng.reporters.JUnitXMLReporter -->
<testsuite hostname="Skoruz-Chari" ignored="0" name="Test" tests="6" failures="1" timestamp="06 Feb 2017 11:26:20 GMT" time="31.809" errors="0">
  <testcase name="AddIllustration_dropdown_click" time="3.009" classname="runner.FrameworkStart">
    <failure type="org.sikuli.script.FindFailed" message="can not find P(.\zurichImages\TambhaIllustrasiImageLink.PNG) S: 0.7 on the screen.">
      <![CDATA[FindFailed: can not find P(.\zurichImages\TambhaIllustrasiImageLink.PNG) S: 0.7 on the screen.
  Line 1574, in file Region.java

	at org.sikuli.script.Region.handleFindFailed(Region.java:1574)
	at org.sikuli.script.Region.wait(Region.java:1682)
	at org.sikuli.script.Region.wait(Region.java:1647)
	at tuesdayJan.AddIllustration.ilustrasiPenjualanClick(AddIllustration.java:21)
	at runner.FrameworkStart.AddIllustration_dropdown_click(FrameworkStart.java:53)
... Removed 25 stack frames]]>
    </failure>
  </testcase> <!-- AddIllustration_dropdown_click -->
  <testcase name="loginApp_username_type" time="3.705" classname="runner.FrameworkStart"/>
  <testcase name="loginApp_password_type" time="2.481" classname="runner.FrameworkStart"/>
  <testcase name="loginApp_loginbtn_click" time="10.964" classname="runner.FrameworkStart"/>
  <testcase name="loginApp_verifyLogin_status" time="3.122" classname="runner.FrameworkStart"/>
  <testcase name="IllustrationSale_link_click" time="8.484" classname="runner.FrameworkStart"/>
</testsuite> <!-- Test -->
